<?xml version="1.0" encoding="UTF-8"?>
<!-- Generated by org.testng.reporters.JUnitReportReporter -->
<testsuite skipped="0" hostname="LAPTOP-UMT3NF9D" name="com.testpage.TestPage" tests="3" failures="0" timestamp="2022-12-14T13:38:47 IST" time="44.807" errors="0">
  <testcase name="VerifyLogin" time="20.295" classname="com.testpage.TestPage"/>
  <system-out/>
  <testcase name="VerifyHederBar" time="24.510" classname="com.testpage.TestPage"/>
  <system-out/>
  <testcase name="verifyTestCase" time="0.002" classname="com.testpage.TestPage"/>
  <system-out/>
</testsuite> <!-- com.testpage.TestPage -->
